This is pdfTeX, Version 3.141592653-2.6-1.40.27 (TeX Live 2025) (preloaded format=pdflatex 2026.2.5)  15 JUL 2026 16:25
entering extended mode
 \write18 enabled.
 %&-line parsing enabled.
**/Volumes/Scriptorium/1.Expeditio/cv2_curriculum_vitae/articles/report_deep_learning/root.tex
(/Volumes/Scriptorium/1.Expeditio/cv2_curriculum_vitae/articles/report_deep_learning/root.tex
LaTeX2e <2024-11-01> patch level 2
L3 programming layer <2025-01-18>
(./ieeeconf.cls
Document Class: ieeeconf 2016/4/23 revision V1.6b by Pradeep Misra
\@IEEEtrantmpdimenA=\dimen141
\@IEEEtrantmpdimenB=\dimen142
\@IEEEtrantmpcountA=\count196
\@IEEEtrantmpcountB=\count197
\@IEEEtrantmptoksA=\toks17
LaTeX Font Info:    Trying to load font information for OT1+ptm on input line 794.
(/usr/local/texlive/2025/texmf-dist/tex/latex/psnfss/ot1ptm.fd
File: ot1ptm.fd 2001/06/04 font definitions for OT1/ptm.
)
\@IEEEnormalsizefontbaselineskip=\skip49

-- This is a 10 point document.
\normalsizebaselineskip=\skip50
\normaljot=\skip51
LaTeX Font Info:    Font shape `OT1/ptm/bx/n' in size <5> not available
(Font)              Font shape `OT1/ptm/b/n' tried instead on input line 1113.
LaTeX Font Info:    Font shape `OT1/ptm/bx/it' in size <5> not available
(Font)              Font shape `OT1/ptm/b/it' tried instead on input line 1113.
LaTeX Font Info:    Font shape `OT1/ptm/bx/n' in size <7> not available
(Font)              Font shape `OT1/ptm/b/n' tried instead on input line 1113.
LaTeX Font Info:    Font shape `OT1/ptm/bx/it' in size <7> not available
(Font)              Font shape `OT1/ptm/b/it' tried instead on input line 1113.
LaTeX Font Info:    Font shape `OT1/ptm/bx/n' in size <8> not available
(Font)              Font shape `OT1/ptm/b/n' tried instead on input line 1113.
LaTeX Font Info:    Font shape `OT1/ptm/bx/it' in size <8> not available
(Font)              Font shape `OT1/ptm/b/it' tried instead on input line 1113.
LaTeX Font Info:    Font shape `OT1/ptm/bx/n' in size <9> not available
(Font)              Font shape `OT1/ptm/b/n' tried instead on input line 1113.
LaTeX Font Info:    Font shape `OT1/ptm/bx/it' in size <9> not available
(Font)              Font shape `OT1/ptm/b/it' tried instead on input line 1113.
LaTeX Font Info:    Font shape `OT1/ptm/bx/n' in size <10> not available
(Font)              Font shape `OT1/ptm/b/n' tried instead on input line 1113.
LaTeX Font Info:    Font shape `OT1/ptm/bx/it' in size <10> not available
(Font)              Font shape `OT1/ptm/b/it' tried instead on input line 1113.
LaTeX Font Info:    Font shape `OT1/ptm/bx/n' in size <11> not available
(Font)              Font shape `OT1/ptm/b/n' tried instead on input line 1113.
LaTeX Font Info:    Font shape `OT1/ptm/bx/it' in size <11> not available
(Font)              Font shape `OT1/ptm/b/it' tried instead on input line 1113.
LaTeX Font Info:    Font shape `OT1/ptm/bx/n' in size <12> not available
(Font)              Font shape `OT1/ptm/b/n' tried instead on input line 1113.
LaTeX Font Info:    Font shape `OT1/ptm/bx/it' in size <12> not available
(Font)              Font shape `OT1/ptm/b/it' tried instead on input line 1113.
LaTeX Font Info:    Font shape `OT1/ptm/bx/n' in size <16> not available
(Font)              Font shape `OT1/ptm/b/n' tried instead on input line 1113.
LaTeX Font Info:    Font shape `OT1/ptm/bx/it' in size <16> not available
(Font)              Font shape `OT1/ptm/b/it' tried instead on input line 1113.
LaTeX Font Info:    Font shape `OT1/ptm/bx/n' in size <20> not available
(Font)              Font shape `OT1/ptm/b/n' tried instead on input line 1113.
LaTeX Font Info:    Font shape `OT1/ptm/bx/it' in size <20> not available
(Font)              Font shape `OT1/ptm/b/it' tried instead on input line 1113.
LaTeX Font Info:    Font shape `OT1/ptm/bx/n' in size <24> not available
(Font)              Font shape `OT1/ptm/b/n' tried instead on input line 1113.
LaTeX Font Info:    Font shape `OT1/ptm/bx/it' in size <24> not available
(Font)              Font shape `OT1/ptm/b/it' tried instead on input line 1113.
\IEEEilabelindentA=\dimen143
\IEEEilabelindentB=\dimen144
\IEEEilabelindent=\dimen145
\IEEEelabelindent=\dimen146
\IEEEdlabelindent=\dimen147
\labelindent=\dimen148
\IEEEiednormlabelsep=\dimen149
\IEEEiedmathlabelsep=\dimen150
\IEEEiedtopsep=\skip52
\c@section=\count198
\c@subsection=\count199
\c@subsubsection=\count266
\c@paragraph=\count267
\c@IEEEsubequation=\count268
\abovecaptionskip=\skip53
\belowcaptionskip=\skip54
\c@figure=\count269
\c@table=\count270
\@IEEEeqnnumcols=\count271
\@IEEEeqncolcnt=\count272
\@IEEEtmpitemindent=\dimen151
\c@biography=\count273
\@IEEEtranrubishbin=\box52
)
** ATTENTION: Overriding command lockouts (line 3).
** ATTENTION: Overriding IEEE standard margins (line 4).
(/usr/local/texlive/2025/texmf-dist/tex/latex/base/fontenc.sty
Package: fontenc 2021/04/29 v2.0v Standard LaTeX package
LaTeX Font Info:    Trying to load font information for T1+ptm on input line 116.
 (/usr/local/texlive/2025/texmf-dist/tex/latex/psnfss/t1ptm.fd
File: t1ptm.fd 2001/06/04 font definitions for T1/ptm.
)) (/usr/local/texlive/2025/texmf-dist/tex/latex/base/inputenc.sty
Package: inputenc 2024/02/08 v1.3d Input encoding file
\inpenc@prehook=\toks18
\inpenc@posthook=\toks19
) (/usr/local/texlive/2025/texmf-dist/tex/latex/amsmath/amsmath.sty
Package: amsmath 2024/11/05 v2.17t AMS math features
\@mathmargin=\skip55

For additional information on amsmath, use the `?' option.
(/usr/local/texlive/2025/texmf-dist/tex/latex/amsmath/amstext.sty
Package: amstext 2021/08/26 v2.01 AMS text
 (/usr/local/texlive/2025/texmf-dist/tex/latex/amsmath/amsgen.sty
File: amsgen.sty 1999/11/30 v2.0 generic functions
\@emptytoks=\toks20
\ex@=\dimen152
)) (/usr/local/texlive/2025/texmf-dist/tex/latex/amsmath/amsbsy.sty
Package: amsbsy 1999/11/29 v1.2d Bold Symbols
\pmbraise@=\dimen153
) (/usr/local/texlive/2025/texmf-dist/tex/latex/amsmath/amsopn.sty
Package: amsopn 2022/04/08 v2.04 operator names
)
\inf@bad=\count274
LaTeX Info: Redefining \frac on input line 233.
\uproot@=\count275
\leftroot@=\count276
LaTeX Info: Redefining \overline on input line 398.
LaTeX Info: Redefining \colon on input line 409.
\classnum@=\count277
\DOTSCASE@=\count278
LaTeX Info: Redefining \ldots on input line 495.
LaTeX Info: Redefining \dots on input line 498.
LaTeX Info: Redefining \cdots on input line 619.
\Mathstrutbox@=\box53
\strutbox@=\box54
LaTeX Info: Redefining \big on input line 721.
LaTeX Info: Redefining \Big on input line 722.
LaTeX Info: Redefining \bigg on input line 723.
LaTeX Info: Redefining \Bigg on input line 724.
\big@size=\dimen154
LaTeX Font Info:    Redeclaring font encoding OML on input line 742.
LaTeX Font Info:    Redeclaring font encoding OMS on input line 743.
\macc@depth=\count279
LaTeX Info: Redefining \bmod on input line 904.
LaTeX Info: Redefining \pmod on input line 909.
LaTeX Info: Redefining \smash on input line 939.
LaTeX Info: Redefining \relbar on input line 969.
LaTeX Info: Redefining \Relbar on input line 970.
\c@MaxMatrixCols=\count280
\dotsspace@=\muskip17
\c@parentequation=\count281
\dspbrk@lvl=\count282
\tag@help=\toks21
\row@=\count283
\column@=\count284
\maxfields@=\count285
\andhelp@=\toks22
\eqnshift@=\dimen155
\alignsep@=\dimen156
\tagshift@=\dimen157
\tagwidth@=\dimen158
\totwidth@=\dimen159
\lineht@=\dimen160
\@envbody=\toks23
\multlinegap=\skip56
\multlinetaggap=\skip57
\mathdisplay@stack=\toks24
LaTeX Info: Redefining \[ on input line 2953.
LaTeX Info: Redefining \] on input line 2954.
) (/usr/local/texlive/2025/texmf-dist/tex/latex/amsfonts/amssymb.sty
Package: amssymb 2013/01/14 v3.01 AMS font symbols
 (/usr/local/texlive/2025/texmf-dist/tex/latex/amsfonts/amsfonts.sty
Package: amsfonts 2013/01/14 v3.01 Basic AMSFonts support
\symAMSa=\mathgroup4
\symAMSb=\mathgroup5
LaTeX Font Info:    Redeclaring math symbol \hbar on input line 98.
LaTeX Font Info:    Overwriting math alphabet `\mathfrak' in version `bold'
(Font)                  U/euf/m/n --> U/euf/b/n on input line 106.
)) (/usr/local/texlive/2025/texmf-dist/tex/latex/algorithms/algorithm.sty
Package: algorithm 2009/08/24 v0.1 Document Style `algorithm' - floating environment
 (/usr/local/texlive/2025/texmf-dist/tex/latex/float/float.sty
Package: float 2001/11/08 v1.3d Float enhancements (AL)
\c@float@type=\count286
\float@exts=\toks25
\float@box=\box55
\@float@everytoks=\toks26
\@floatcapt=\box56
) (/usr/local/texlive/2025/texmf-dist/tex/latex/base/ifthen.sty
Package: ifthen 2024/03/16 v1.1e Standard LaTeX ifthen package (DPC)
)
\@float@every@algorithm=\toks27
\c@algorithm=\count287
) (/usr/local/texlive/2025/texmf-dist/tex/latex/algorithmicx/algpseudocode.sty
Package: algpseudocode 
 (/usr/local/texlive/2025/texmf-dist/tex/latex/algorithmicx/algorithmicx.sty
Package: algorithmicx 2005/04/27 v1.2 Algorithmicx

Document Style algorithmicx 1.2 - a greatly improved `algorithmic' style
\c@ALG@line=\count288
\c@ALG@rem=\count289
\c@ALG@nested=\count290
\ALG@tlm=\skip58
\ALG@thistlm=\skip59
\c@ALG@Lnr=\count291
\c@ALG@blocknr=\count292
\c@ALG@storecount=\count293
\c@ALG@tmpcounter=\count294
\ALG@tmplength=\skip60
)
Document Style - pseudocode environments for use with the `algorithmicx' style
) (/usr/local/texlive/2025/texmf-dist/tex/latex/booktabs/booktabs.sty
Package: booktabs 2020/01/12 v1.61803398 Publication quality tables
\heavyrulewidth=\dimen161
\lightrulewidth=\dimen162
\cmidrulewidth=\dimen163
\belowrulesep=\dimen164
\belowbottomsep=\dimen165
\aboverulesep=\dimen166
\abovetopsep=\dimen167
\cmidrulesep=\dimen168
\cmidrulekern=\dimen169
\defaultaddspace=\dimen170
\@cmidla=\count295
\@cmidlb=\count296
\@aboverulesep=\dimen171
\@belowrulesep=\dimen172
\@thisruleclass=\count297
\@lastruleclass=\count298
\@thisrulewidth=\dimen173
) (/usr/local/texlive/2025/texmf-dist/tex/latex/cite/cite.sty
LaTeX Info: Redefining \cite on input line 302.
LaTeX Info: Redefining \nocite on input line 332.
Package: cite 2015/02/27  v 5.5
) (/usr/local/texlive/2025/texmf-dist/tex/latex/graphics/graphicx.sty
Package: graphicx 2021/09/16 v1.2d Enhanced LaTeX Graphics (DPC,SPQR)
 (/usr/local/texlive/2025/texmf-dist/tex/latex/graphics/keyval.sty
Package: keyval 2022/05/29 v1.15 key=value parser (DPC)
\KV@toks@=\toks28
) (/usr/local/texlive/2025/texmf-dist/tex/latex/graphics/graphics.sty
Package: graphics 2024/08/06 v1.4g Standard LaTeX Graphics (DPC,SPQR)
 (/usr/local/texlive/2025/texmf-dist/tex/latex/graphics/trig.sty
Package: trig 2023/12/02 v1.11 sin cos tan (DPC)
) (/usr/local/texlive/2025/texmf-dist/tex/latex/graphics-cfg/graphics.cfg
File: graphics.cfg 2016/06/04 v1.11 sample graphics configuration
)
Package graphics Info: Driver file: pdftex.def on input line 106.
 (/usr/local/texlive/2025/texmf-dist/tex/latex/graphics-def/pdftex.def
File: pdftex.def 2024/04/13 v1.2c Graphics/color driver for pdftex
))
\Gin@req@height=\dimen174
\Gin@req@width=\dimen175
) (/usr/local/texlive/2025/texmf-dist/tex/latex/multirow/multirow.sty
Package: multirow 2024/11/12 v2.9 Span multiple rows of a table
\multirow@colwidth=\skip61
\multirow@cntb=\count299
\multirow@dima=\skip62
\bigstrutjot=\dimen176
) (/usr/local/texlive/2025/texmf-dist/tex/latex/pgf/frontendlayer/tikz.sty (/usr/local/texlive/2025/texmf-dist/tex/latex/pgf/basiclayer/pgf.sty (/usr/local/texlive/2025/texmf-dist/tex/latex/pgf/utilities/pgfrcs.sty (/usr/local/texlive/2025/texmf-dist/tex/generic/pgf/utilities/pgfutil-common.tex
\pgfutil@everybye=\toks29
\pgfutil@tempdima=\dimen177
\pgfutil@tempdimb=\dimen178
) (/usr/local/texlive/2025/texmf-dist/tex/generic/pgf/utilities/pgfutil-latex.def
\pgfutil@abb=\box57
) (/usr/local/texlive/2025/texmf-dist/tex/generic/pgf/utilities/pgfrcs.code.tex (/usr/local/texlive/2025/texmf-dist/tex/generic/pgf/pgf.revision.tex)
Package: pgfrcs 2023-01-15 v3.1.10 (3.1.10)
))
Package: pgf 2023-01-15 v3.1.10 (3.1.10)
 (/usr/local/texlive/2025/texmf-dist/tex/latex/pgf/basiclayer/pgfcore.sty (/usr/local/texlive/2025/texmf-dist/tex/latex/pgf/systemlayer/pgfsys.sty (/usr/local/texlive/2025/texmf-dist/tex/generic/pgf/systemlayer/pgfsys.code.tex
Package: pgfsys 2023-01-15 v3.1.10 (3.1.10)
 (/usr/local/texlive/2025/texmf-dist/tex/generic/pgf/utilities/pgfkeys.code.tex
\pgfkeys@pathtoks=\toks30
\pgfkeys@temptoks=\toks31
 (/usr/local/texlive/2025/texmf-dist/tex/generic/pgf/utilities/pgfkeyslibraryfiltered.code.tex
\pgfkeys@tmptoks=\toks32
))
\pgf@x=\dimen179
\pgf@y=\dimen180
\pgf@xa=\dimen181
\pgf@ya=\dimen182
\pgf@xb=\dimen183
\pgf@yb=\dimen184
\pgf@xc=\dimen185
\pgf@yc=\dimen186
\pgf@xd=\dimen187
\pgf@yd=\dimen188
\w@pgf@writea=\write3
\r@pgf@reada=\read2
\c@pgf@counta=\count300
\c@pgf@countb=\count301
\c@pgf@countc=\count302
\c@pgf@countd=\count303
\t@pgf@toka=\toks33
\t@pgf@tokb=\toks34
\t@pgf@tokc=\toks35
\pgf@sys@id@count=\count304
 (/usr/local/texlive/2025/texmf-dist/tex/generic/pgf/systemlayer/pgf.cfg
File: pgf.cfg 2023-01-15 v3.1.10 (3.1.10)
)
Driver file for pgf: pgfsys-pdftex.def
 (/usr/local/texlive/2025/texmf-dist/tex/generic/pgf/systemlayer/pgfsys-pdftex.def
File: pgfsys-pdftex.def 2023-01-15 v3.1.10 (3.1.10)
 (/usr/local/texlive/2025/texmf-dist/tex/generic/pgf/systemlayer/pgfsys-common-pdf.def
File: pgfsys-common-pdf.def 2023-01-15 v3.1.10 (3.1.10)
))) (/usr/local/texlive/2025/texmf-dist/tex/generic/pgf/systemlayer/pgfsyssoftpath.code.tex
File: pgfsyssoftpath.code.tex 2023-01-15 v3.1.10 (3.1.10)
\pgfsyssoftpath@smallbuffer@items=\count305
\pgfsyssoftpath@bigbuffer@items=\count306
) (/usr/local/texlive/2025/texmf-dist/tex/generic/pgf/systemlayer/pgfsysprotocol.code.tex
File: pgfsysprotocol.code.tex 2023-01-15 v3.1.10 (3.1.10)
)) (/usr/local/texlive/2025/texmf-dist/tex/latex/xcolor/xcolor.sty
Package: xcolor 2024/09/29 v3.02 LaTeX color extensions (UK)
 (/usr/local/texlive/2025/texmf-dist/tex/latex/graphics-cfg/color.cfg
File: color.cfg 2016/01/02 v1.6 sample color configuration
)
Package xcolor Info: Driver file: pdftex.def on input line 274.
 (/usr/local/texlive/2025/texmf-dist/tex/latex/graphics/mathcolor.ltx)
Package xcolor Info: Model `cmy' substituted by `cmy0' on input line 1349.
Package xcolor Info: Model `hsb' substituted by `rgb' on input line 1353.
Package xcolor Info: Model `RGB' extended on input line 1365.
Package xcolor Info: Model `HTML' substituted by `rgb' on input line 1367.
Package xcolor Info: Model `Hsb' substituted by `hsb' on input line 1368.
Package xcolor Info: Model `tHsb' substituted by `hsb' on input line 1369.
Package xcolor Info: Model `HSB' substituted by `hsb' on input line 1370.
Package xcolor Info: Model `Gray' substituted by `gray' on input line 1371.
Package xcolor Info: Model `wave' substituted by `hsb' on input line 1372.
) (/usr/local/texlive/2025/texmf-dist/tex/generic/pgf/basiclayer/pgfcore.code.tex
Package: pgfcore 2023-01-15 v3.1.10 (3.1.10)
 (/usr/local/texlive/2025/texmf-dist/tex/generic/pgf/math/pgfmath.code.tex (/usr/local/texlive/2025/texmf-dist/tex/generic/pgf/math/pgfmathutil.code.tex) (/usr/local/texlive/2025/texmf-dist/tex/generic/pgf/math/pgfmathparser.code.tex
\pgfmath@dimen=\dimen189
\pgfmath@count=\count307
\pgfmath@box=\box58
\pgfmath@toks=\toks36
\pgfmath@stack@operand=\toks37
\pgfmath@stack@operation=\toks38
) (/usr/local/texlive/2025/texmf-dist/tex/generic/pgf/math/pgfmathfunctions.code.tex) (/usr/local/texlive/2025/texmf-dist/tex/generic/pgf/math/pgfmathfunctions.basic.code.tex) (/usr/local/texlive/2025/texmf-dist/tex/generic/pgf/math/pgfmathfunctions.trigonometric.code.tex) (/usr/local/texlive/2025/texmf-dist/tex/generic/pgf/math/pgfmathfunctions.random.code.tex) (/usr/local/texlive/2025/texmf-dist/tex/generic/pgf/math/pgfmathfunctions.comparison.code.tex) (/usr/local/texlive/2025/texmf-dist/tex/generic/pgf/math/pgfmathfunctions.base.code.tex) (/usr/local/texlive/2025/texmf-dist/tex/generic/pgf/math/pgfmathfunctions.round.code.tex) (/usr/local/texlive/2025/texmf-dist/tex/generic/pgf/math/pgfmathfunctions.misc.code.tex) (/usr/local/texlive/2025/texmf-dist/tex/generic/pgf/math/pgfmathfunctions.integerarithmetics.code.tex) (/usr/local/texlive/2025/texmf-dist/tex/generic/pgf/math/pgfmathcalc.code.tex) (/usr/local/texlive/2025/texmf-dist/tex/generic/pgf/math/pgfmathfloat.code.tex
\c@pgfmathroundto@lastzeros=\count308
)) (/usr/local/texlive/2025/texmf-dist/tex/generic/pgf/math/pgfint.code.tex) (/usr/local/texlive/2025/texmf-dist/tex/generic/pgf/basiclayer/pgfcorepoints.code.tex
File: pgfcorepoints.code.tex 2023-01-15 v3.1.10 (3.1.10)
\pgf@picminx=\dimen190
\pgf@picmaxx=\dimen191
\pgf@picminy=\dimen192
\pgf@picmaxy=\dimen193
\pgf@pathminx=\dimen194
\pgf@pathmaxx=\dimen195
\pgf@pathminy=\dimen196
\pgf@pathmaxy=\dimen197
\pgf@xx=\dimen198
\pgf@xy=\dimen199
\pgf@yx=\dimen256
\pgf@yy=\dimen257
\pgf@zx=\dimen258
\pgf@zy=\dimen259
) (/usr/local/texlive/2025/texmf-dist/tex/generic/pgf/basiclayer/pgfcorepathconstruct.code.tex
File: pgfcorepathconstruct.code.tex 2023-01-15 v3.1.10 (3.1.10)
\pgf@path@lastx=\dimen260
\pgf@path@lasty=\dimen261
) (/usr/local/texlive/2025/texmf-dist/tex/generic/pgf/basiclayer/pgfcorepathusage.code.tex
File: pgfcorepathusage.code.tex 2023-01-15 v3.1.10 (3.1.10)
\pgf@shorten@end@additional=\dimen262
\pgf@shorten@start@additional=\dimen263
) (/usr/local/texlive/2025/texmf-dist/tex/generic/pgf/basiclayer/pgfcorescopes.code.tex
File: pgfcorescopes.code.tex 2023-01-15 v3.1.10 (3.1.10)
\pgfpic=\box59
\pgf@hbox=\box60
\pgf@layerbox@main=\box61
\pgf@picture@serial@count=\count309
) (/usr/local/texlive/2025/texmf-dist/tex/generic/pgf/basiclayer/pgfcoregraphicstate.code.tex
File: pgfcoregraphicstate.code.tex 2023-01-15 v3.1.10 (3.1.10)
\pgflinewidth=\dimen264
) (/usr/local/texlive/2025/texmf-dist/tex/generic/pgf/basiclayer/pgfcoretransformations.code.tex
File: pgfcoretransformations.code.tex 2023-01-15 v3.1.10 (3.1.10)
\pgf@pt@x=\dimen265
\pgf@pt@y=\dimen266
\pgf@pt@temp=\dimen267
) (/usr/local/texlive/2025/texmf-dist/tex/generic/pgf/basiclayer/pgfcorequick.code.tex
File: pgfcorequick.code.tex 2023-01-15 v3.1.10 (3.1.10)
) (/usr/local/texlive/2025/texmf-dist/tex/generic/pgf/basiclayer/pgfcoreobjects.code.tex
File: pgfcoreobjects.code.tex 2023-01-15 v3.1.10 (3.1.10)
) (/usr/local/texlive/2025/texmf-dist/tex/generic/pgf/basiclayer/pgfcorepathprocessing.code.tex
File: pgfcorepathprocessing.code.tex 2023-01-15 v3.1.10 (3.1.10)
) (/usr/local/texlive/2025/texmf-dist/tex/generic/pgf/basiclayer/pgfcorearrows.code.tex
File: pgfcorearrows.code.tex 2023-01-15 v3.1.10 (3.1.10)
\pgfarrowsep=\dimen268
) (/usr/local/texlive/2025/texmf-dist/tex/generic/pgf/basiclayer/pgfcoreshade.code.tex
File: pgfcoreshade.code.tex 2023-01-15 v3.1.10 (3.1.10)
\pgf@max=\dimen269
\pgf@sys@shading@range@num=\count310
\pgf@shadingcount=\count311
) (/usr/local/texlive/2025/texmf-dist/tex/generic/pgf/basiclayer/pgfcoreimage.code.tex
File: pgfcoreimage.code.tex 2023-01-15 v3.1.10 (3.1.10)
) (/usr/local/texlive/2025/texmf-dist/tex/generic/pgf/basiclayer/pgfcoreexternal.code.tex
File: pgfcoreexternal.code.tex 2023-01-15 v3.1.10 (3.1.10)
\pgfexternal@startupbox=\box62
) (/usr/local/texlive/2025/texmf-dist/tex/generic/pgf/basiclayer/pgfcorelayers.code.tex
File: pgfcorelayers.code.tex 2023-01-15 v3.1.10 (3.1.10)
) (/usr/local/texlive/2025/texmf-dist/tex/generic/pgf/basiclayer/pgfcoretransparency.code.tex
File: pgfcoretransparency.code.tex 2023-01-15 v3.1.10 (3.1.10)
) (/usr/local/texlive/2025/texmf-dist/tex/generic/pgf/basiclayer/pgfcorepatterns.code.tex
File: pgfcorepatterns.code.tex 2023-01-15 v3.1.10 (3.1.10)
) (/usr/local/texlive/2025/texmf-dist/tex/generic/pgf/basiclayer/pgfcorerdf.code.tex
File: pgfcorerdf.code.tex 2023-01-15 v3.1.10 (3.1.10)
))) (/usr/local/texlive/2025/texmf-dist/tex/generic/pgf/modules/pgfmoduleshapes.code.tex
File: pgfmoduleshapes.code.tex 2023-01-15 v3.1.10 (3.1.10)
\pgfnodeparttextbox=\box63
) (/usr/local/texlive/2025/texmf-dist/tex/generic/pgf/modules/pgfmoduleplot.code.tex
File: pgfmoduleplot.code.tex 2023-01-15 v3.1.10 (3.1.10)
) (/usr/local/texlive/2025/texmf-dist/tex/latex/pgf/compatibility/pgfcomp-version-0-65.sty
Package: pgfcomp-version-0-65 2023-01-15 v3.1.10 (3.1.10)
\pgf@nodesepstart=\dimen270
\pgf@nodesepend=\dimen271
) (/usr/local/texlive/2025/texmf-dist/tex/latex/pgf/compatibility/pgfcomp-version-1-18.sty
Package: pgfcomp-version-1-18 2023-01-15 v3.1.10 (3.1.10)
)) (/usr/local/texlive/2025/texmf-dist/tex/latex/pgf/utilities/pgffor.sty (/usr/local/texlive/2025/texmf-dist/tex/latex/pgf/utilities/pgfkeys.sty (/usr/local/texlive/2025/texmf-dist/tex/generic/pgf/utilities/pgfkeys.code.tex)) (/usr/local/texlive/2025/texmf-dist/tex/latex/pgf/math/pgfmath.sty (/usr/local/texlive/2025/texmf-dist/tex/generic/pgf/math/pgfmath.code.tex)) (/usr/local/texlive/2025/texmf-dist/tex/generic/pgf/utilities/pgffor.code.tex
Package: pgffor 2023-01-15 v3.1.10 (3.1.10)
\pgffor@iter=\dimen272
\pgffor@skip=\dimen273
\pgffor@stack=\toks39
\pgffor@toks=\toks40
)) (/usr/local/texlive/2025/texmf-dist/tex/generic/pgf/frontendlayer/tikz/tikz.code.tex
Package: tikz 2023-01-15 v3.1.10 (3.1.10)
 (/usr/local/texlive/2025/texmf-dist/tex/generic/pgf/libraries/pgflibraryplothandlers.code.tex
File: pgflibraryplothandlers.code.tex 2023-01-15 v3.1.10 (3.1.10)
\pgf@plot@mark@count=\count312
\pgfplotmarksize=\dimen274
)
\tikz@lastx=\dimen275
\tikz@lasty=\dimen276
\tikz@lastxsaved=\dimen277
\tikz@lastysaved=\dimen278
\tikz@lastmovetox=\dimen279
\tikz@lastmovetoy=\dimen280
\tikzleveldistance=\dimen281
\tikzsiblingdistance=\dimen282
\tikz@figbox=\box64
\tikz@figbox@bg=\box65
\tikz@tempbox=\box66
\tikz@tempbox@bg=\box67
\tikztreelevel=\count313
\tikznumberofchildren=\count314
\tikznumberofcurrentchild=\count315
\tikz@fig@count=\count316
 (/usr/local/texlive/2025/texmf-dist/tex/generic/pgf/modules/pgfmodulematrix.code.tex
File: pgfmodulematrix.code.tex 2023-01-15 v3.1.10 (3.1.10)
\pgfmatrixcurrentrow=\count317
\pgfmatrixcurrentcolumn=\count318
\pgf@matrix@numberofcolumns=\count319
)
\tikz@expandcount=\count320
 (/usr/local/texlive/2025/texmf-dist/tex/generic/pgf/frontendlayer/tikz/libraries/tikzlibrarytopaths.code.tex
File: tikzlibrarytopaths.code.tex 2023-01-15 v3.1.10 (3.1.10)
))) (/usr/local/texlive/2025/texmf-dist/tex/latex/url/url.sty
\Urlmuskip=\muskip18
Package: url 2013/09/16  ver 3.4  Verb mode for urls, etc.
) (/usr/local/texlive/2025/texmf-dist/tex/generic/pgf/libraries/pgflibraryarrows.meta.code.tex
File: pgflibraryarrows.meta.code.tex 2023-01-15 v3.1.10 (3.1.10)
\pgfarrowinset=\dimen283
\pgfarrowlength=\dimen284
\pgfarrowwidth=\dimen285
\pgfarrowlinewidth=\dimen286
) (/usr/local/texlive/2025/texmf-dist/tex/generic/pgf/frontendlayer/tikz/libraries/tikzlibrarycalc.code.tex
File: tikzlibrarycalc.code.tex 2023-01-15 v3.1.10 (3.1.10)
) (/usr/local/texlive/2025/texmf-dist/tex/generic/pgf/frontendlayer/tikz/libraries/tikzlibraryfit.code.tex
File: tikzlibraryfit.code.tex 2023-01-15 v3.1.10 (3.1.10)
) (/usr/local/texlive/2025/texmf-dist/tex/generic/pgf/frontendlayer/tikz/libraries/tikzlibrarypositioning.code.tex
File: tikzlibrarypositioning.code.tex 2023-01-15 v3.1.10 (3.1.10)
) (/usr/local/texlive/2025/texmf-dist/tex/latex/l3backend/l3backend-pdftex.def
File: l3backend-pdftex.def 2024-05-08 L3 backend support: PDF output (pdfTeX)
\l__color_backend_stack_int=\count321
\l__pdf_internal_box=\box68
) (/Volumes/Scriptorium/1.Expeditio/cv2_curriculum_vitae/build/aux/root.aux)
\openout1 = `root.aux'.

LaTeX Font Info:    Checking defaults for OML/cmm/m/it on input line 31.
LaTeX Font Info:    ... okay on input line 31.
LaTeX Font Info:    Checking defaults for OMS/cmsy/m/n on input line 31.
LaTeX Font Info:    ... okay on input line 31.
LaTeX Font Info:    Checking defaults for OT1/cmr/m/n on input line 31.
LaTeX Font Info:    ... okay on input line 31.
LaTeX Font Info:    Checking defaults for T1/cmr/m/n on input line 31.
LaTeX Font Info:    ... okay on input line 31.
LaTeX Font Info:    Checking defaults for TS1/cmr/m/n on input line 31.
LaTeX Font Info:    ... okay on input line 31.
LaTeX Font Info:    Checking defaults for OMX/cmex/m/n on input line 31.
LaTeX Font Info:    ... okay on input line 31.
LaTeX Font Info:    Checking defaults for U/cmr/m/n on input line 31.
LaTeX Font Info:    ... okay on input line 31.
 (/usr/local/texlive/2025/texmf-dist/tex/context/base/mkii/supp-pdf.mkii
[Loading MPS to PDF converter (version 2006.09.02).]
\scratchcounter=\count322
\scratchdimen=\dimen287
\scratchbox=\box69
\nofMPsegments=\count323
\nofMParguments=\count324
\everyMPshowfont=\toks41
\MPscratchCnt=\count325
\MPscratchDim=\dimen288
\MPnumerator=\count326
\makeMPintoPDFobject=\count327
\everyMPtoPDFconversion=\toks42
) (/usr/local/texlive/2025/texmf-dist/tex/latex/epstopdf-pkg/epstopdf-base.sty
Package: epstopdf-base 2020-01-24 v2.11 Base part for package epstopdf
Package epstopdf-base Info: Redefining graphics rule for `.eps' on input line 485.
 (/usr/local/texlive/2025/texmf-dist/tex/latex/latexconfig/epstopdf-sys.cfg
File: epstopdf-sys.cfg 2010/07/13 v1.3 Configuration of (r)epstopdf for TeX Live
))
LaTeX Font Info:    Calculating math sizes for size <11> on input line 33.
LaTeX Font Info:    Trying to load font information for U+msa on input line 33.
 (/usr/local/texlive/2025/texmf-dist/tex/latex/amsfonts/umsa.fd
File: umsa.fd 2013/01/14 v3.01 AMS symbols A
)
LaTeX Font Info:    Trying to load font information for U+msb on input line 33.
 (/usr/local/texlive/2025/texmf-dist/tex/latex/amsfonts/umsb.fd
File: umsb.fd 2013/01/14 v3.01 AMS symbols B
)
LaTeX Font Info:    Trying to load font information for T1+pcr on input line 33.
 (/usr/local/texlive/2025/texmf-dist/tex/latex/psnfss/t1pcr.fd
File: t1pcr.fd 2001/06/04 font definitions for T1/pcr.
)

LaTeX Warning: Citation `liNetworkTopologyOptimization2023' on page 1 undefined on input line 44.


LaTeX Warning: Citation `cengizLiteratureReviewDronetruck2025' on page 1 undefined on input line 44.


LaTeX Warning: Citation `zeng2025endtoenddeepreinforcementlearning' on page 1 undefined on input line 44.


LaTeX Warning: Citation `liNetworkTopologyOptimization2023' on page 1 undefined on input line 44.


LaTeX Warning: Citation `aliNewApproachesNetwork2025' on page 1 undefined on input line 44.


LaTeX Warning: Citation `gavrisTopologyOptimizationGraph2024' on page 1 undefined on input line 44.


LaTeX Warning: Citation `jooDynamicGraphbasedConvergence2024' on page 1 undefined on input line 44.


LaTeX Warning: Citation `liNetworkTopologyOptimization2023' on page 1 undefined on input line 46.


LaTeX Warning: Citation `aliNewApproachesNetwork2025' on page 1 undefined on input line 46.


LaTeX Warning: Citation `aliNewApproachesNetwork2025' on page 1 undefined on input line 46.


LaTeX Warning: Citation `heReinforcementLearningMultiObjective2026' on page 1 undefined on input line 46.


LaTeX Warning: Citation `kruskal1956' on page 1 undefined on input line 46.


LaTeX Warning: Citation `prim1957' on page 1 undefined on input line 46.


LaTeX Warning: Citation `bogyrbayevaLearningSolveVehicle2022' on page 1 undefined on input line 46.


LaTeX Warning: Citation `baiAnalyticsMachineLearning2021' on page 1 undefined on input line 46.


LaTeX Warning: Citation `liNetworkTopologyOptimization2023' on page 1 undefined on input line 46.


LaTeX Warning: Citation `aliNewApproachesNetwork2025' on page 1 undefined on input line 46.


LaTeX Warning: Citation `heReinforcementLearningMultiObjective2026' on page 1 undefined on input line 46.


LaTeX Warning: Citation `bogyrbayevaLearningSolveVehicle2022' on page 1 undefined on input line 46.


LaTeX Warning: Citation `kruskal1956' on page 1 undefined on input line 46.


LaTeX Warning: Citation `prim1957' on page 1 undefined on input line 46.


LaTeX Warning: Citation `bogyrbayevaLearningSolveVehicle2022' on page 1 undefined on input line 46.


LaTeX Warning: Citation `baiAnalyticsMachineLearning2021' on page 1 undefined on input line 46.


LaTeX Warning: Citation `liNetworkTopologyOptimization2023' on page 1 undefined on input line 46.


LaTeX Warning: Citation `aliNewApproachesNetwork2025' on page 1 undefined on input line 46.


LaTeX Warning: Citation `heReinforcementLearningMultiObjective2026' on page 1 undefined on input line 46.


LaTeX Warning: Citation `bogyrbayevaLearningSolveVehicle2022' on page 1 undefined on input line 46.


LaTeX Warning: Citation `baiAnalyticsMachineLearning2021' on page 1 undefined on input line 46.




LaTeX Warning: Citation `nazariReinforcementLearningSolving' on page 1 undefined on input line 48.


LaTeX Warning: Citation `maCombinatorialOptimizationGraph2019' on page 1 undefined on input line 48.


LaTeX Warning: Citation `yonekuraFrameworkDesignOptimization2019' on page 1 undefined on input line 48.


LaTeX Warning: Citation `nazariReinforcementLearningSolving' on page 1 undefined on input line 48.


LaTeX Warning: Citation `dussaugeReinforcementLearningApproach2023' on page 1 undefined on input line 48.


LaTeX Warning: Citation `liNetworkTopologyOptimization2023' on page 1 undefined on input line 48.


LaTeX Warning: Citation `nazariReinforcementLearningSolving' on page 1 undefined on input line 48.


LaTeX Warning: Citation `maCombinatorialOptimizationGraph2019' on page 1 undefined on input line 48.


LaTeX Warning: Citation `liNetworkTopologyOptimization2023' on page 1 undefined on input line 48.


LaTeX Warning: Citation `dussaugeReinforcementLearningApproach2023' on page 1 undefined on input line 48.


LaTeX Warning: Citation `yonekuraFrameworkDesignOptimization2019' on page 1 undefined on input line 48.


LaTeX Warning: Citation `vesselinova2020' on page 1 undefined on input line 50.


LaTeX Warning: Citation `peng2021' on page 1 undefined on input line 50.


LaTeX Warning: Citation `cappart2023' on page 1 undefined on input line 50.


LaTeX Warning: Citation `gilmer2017' on page 1 undefined on input line 50.


LaTeX Warning: Citation `xu2019' on page 1 undefined on input line 50.


LaTeX Warning: Citation `hu2020' on page 1 undefined on input line 50.


LaTeX Warning: Citation `gavrisTopologyOptimizationGraph2024' on page 1 undefined on input line 50.


LaTeX Warning: Citation `jooDynamicGraphbasedConvergence2024' on page 1 undefined on input line 50.


LaTeX Warning: Citation `vesselinova2020' on page 1 undefined on input line 50.


LaTeX Warning: Citation `peng2021' on page 1 undefined on input line 50.


LaTeX Warning: Citation `cappart2023' on page 1 undefined on input line 50.


Underfull \hbox (badness 1533) in paragraph at lines 50--51
[]\T1/ptm/m/n/10 Among neu-ral ar-chi-tec-tures, Graph Neu-ral Net-works
 []



[1{/usr/local/texlive/2025/texmf-var/fonts/map/pdftex/updmap/pdftex.map}{/usr/local/texlive/2025/texmf-dist/fonts/enc/dvips/base/8r.enc}


]

LaTeX Warning: Citation `gavrisTopologyOptimizationGraph2024' on page 2 undefined on input line 52.


LaTeX Warning: Citation `jooDynamicGraphbasedConvergence2024' on page 2 undefined on input line 52.


LaTeX Warning: Citation `yangTacklingOverSmoothingGraph2023' on page 2 undefined on input line 52.


LaTeX Warning: Citation `zeng2025endtoenddeepreinforcementlearning' on page 2 undefined on input line 52.


LaTeX Warning: Citation `nazariReinforcementLearningSolving' on page 2 undefined on input line 52.


LaTeX Warning: Citation `maCombinatorialOptimizationGraph2019' on page 2 undefined on input line 52.


LaTeX Warning: Citation `liNetworkTopologyOptimization2023' on page 2 undefined on input line 52.


LaTeX Warning: Citation `aliNewApproachesNetwork2025' on page 2 undefined on input line 52.


LaTeX Warning: Citation `nazariReinforcementLearningSolving' on page 2 undefined on input line 52.


LaTeX Warning: Citation `maCombinatorialOptimizationGraph2019' on page 2 undefined on input line 52.


LaTeX Warning: Citation `liNetworkTopologyOptimization2023' on page 2 undefined on input line 52.


LaTeX Warning: Citation `aliNewApproachesNetwork2025' on page 2 undefined on input line 52.


LaTeX Warning: Citation `gavrisTopologyOptimizationGraph2024' on page 2 undefined on input line 54.


LaTeX Warning: Citation `jooDynamicGraphbasedConvergence2024' on page 2 undefined on input line 54.


LaTeX Warning: Citation `zeng2025endtoenddeepreinforcementlearning' on page 2 undefined on input line 54.


LaTeX Warning: Citation `nazariReinforcementLearningSolving' on page 2 undefined on input line 54.


LaTeX Warning: Citation `maCombinatorialOptimizationGraph2019' on page 2 undefined on input line 54.


LaTeX Warning: Citation `hussein2017' on page 2 undefined on input line 54.


LaTeX Warning: Citation `dussaugeReinforcementLearningApproach2023' on page 2 undefined on input line 54.


LaTeX Warning: Citation `dearagao2026' on page 2 undefined on input line 54.


LaTeX Warning: Citation `dussaugeReinforcementLearningApproach2023' on page 2 undefined on input line 54.


LaTeX Warning: Citation `dearagao2026' on page 2 undefined on input line 54.


LaTeX Warning: Citation `liNetworkTopologyOptimization2023' on page 2 undefined on input line 54.


LaTeX Warning: Citation `aliNewApproachesNetwork2025' on page 2 undefined on input line 54.


LaTeX Warning: Citation `hussein2017' on page 2 undefined on input line 57.


Underfull \hbox (badness 10000) in paragraph at lines 64--65
[]\T1/ptm/m/n/10 an em-pir-i-cal bench-mark, in-clud-ing highlighted-
 []


Underfull \hbox (badness 10000) in paragraph at lines 64--65
\T1/ptm/m/n/10 checkpoint and roll-out anal-y-sis, es-tab-lish-ing a
 []


Underfull \hbox (badness 2088) in paragraph at lines 64--65
\T1/ptm/m/n/10 su-per-vised base-line for fu-ture ex-ten-sions such as
 []




LaTeX Warning: Citation `hagberg2008networkx' on page 2 undefined on input line 90.


Underfull \hbox (badness 2818) in paragraph at lines 90--91
 \T1/ptm/m/it/10 b) Ex-pert So-lu-tion Gen-er-a-tion: [][] \T1/ptm/m/n/10 Once a syn-thetic
 []


Underfull \hbox (badness 3579) in paragraph at lines 90--91
\T1/ptm/m/n/10 tion se-quence is pro-duced to serve as the su-per-vi-
 []


Underfull \hbox (badness 2119) in paragraph at lines 90--91
\T1/ptm/m/n/10 sion sig-nal for be-hav-ior cloning. The ex-pert so-lu-tion
 []


Underfull \hbox (badness 3229) in paragraph at lines 90--91
\T1/ptm/m/n/10 is ob-tained by ap-ply-ing a clas-si-cal Min-i-mum Span-
 []


Underfull \hbox (badness 2790) in paragraph at lines 90--91
\T1/ptm/m/n/10 ning Tree (MST) al-go-rithm im-ple-mented through the
 []


Underfull \hbox (badness 4846) in paragraph at lines 90--91
\T1/pcr/m/n/10 networkx.minimum_spanning_tree \T1/ptm/m/n/10 rou-tine from
 []



[2]



[3]
Underfull \hbox (badness 1496) in paragraph at lines 254--255
 \T1/ptm/m/it/10 a) Graph Con-struc-tion Agent: [][] \T1/ptm/m/n/10 The learn-ing agent
 []


LaTeX Warning: Citation `paszke2019pytorch' on page 4 undefined on input line 292.


LaTeX Warning: Citation `fey2019fast' on page 4 undefined on input line 292.




LaTeX Warning: Citation `fey2019fast' on page 4 undefined on input line 294.


LaTeX Warning: Citation `hu2020' on page 4 undefined on input line 306.



[4]
Underfull \hbox (badness 10000) in paragraph at lines 347--347
[]$\OML/cmm/m/it/8 x$\T1/ptm/m/n/8 , \T1/pcr/m/n/8 edge_index\T1/ptm/m/n/8 , raw
 []


Underfull \hbox (badness 2285) in paragraph at lines 347--347
\T1/ptm/m/n/8 con-nec-tiv-ity for PyG, and du-pli-cates
 []


Underfull \hbox (badness 10000) in paragraph at lines 347--347
[]\T1/ptm/m/n/8 Projects raw edge at-tributes
 []


Underfull \hbox (badness 10000) in paragraph at lines 347--347
\OT1/cmr/m/n/8 [[][]\OML/cmm/m/it/8 ; [][]\OT1/cmr/m/n/8 ]$ \T1/ptm/m/n/8 into hid-den edge
 []


Underfull \hbox (badness 10000) in paragraph at lines 347--347
[]\T1/ptm/m/n/8 node $\OT1/cmr/m/n/8 (\OML/cmm/m/it/8 B \OMS/cmsy/m/n/8 ^^A \OML/cmm/m/it/8 N; H\OT1/cmr/m/n/8 )$\T1/ptm/m/n/8 , edge
 []


Underfull \hbox (badness 10000) in paragraph at lines 347--347
[]\T1/ptm/m/n/8 Residual edge
 []


Underfull \hbox (badness 10000) in paragraph at lines 347--347
[]\T1/pcr/m/n/8 residual\T1/ptm/m/n/8 :
 []


Underfull \hbox (badness 10000) in paragraph at lines 347--347
[]\T1/pcr/m/n/8 end_head\T1/ptm/m/n/8 :
 []


LaTeX Warning: Citation `paszke2019pytorch' on page 5 undefined on input line 359.


LaTeX Warning: Citation `fey2019fast' on page 5 undefined on input line 359.


LaTeX Warning: Citation `hagberg2008networkx' on page 5 undefined on input line 359.


LaTeX Warning: Citation `harris2020array' on page 5 undefined on input line 359.


Underfull \vbox (badness 10000) has occurred while \output is active []





[5]



[6]


LaTeX Warning: Citation `liNetworkTopologyOptimization2023' on page 7 undefined on input line 481.


LaTeX Warning: Citation `aliNewApproachesNetwork2025' on page 7 undefined on input line 481.


LaTeX Warning: Citation `dussaugeReinforcementLearningApproach2023' on page 7 undefined on input line 481.


LaTeX Warning: Citation `vesselinova2020' on page 7 undefined on input line 481.


LaTeX Warning: Citation `peng2021' on page 7 undefined on input line 481.


LaTeX Warning: Citation `cappart2023' on page 7 undefined on input line 481.


LaTeX Warning: Citation `heReinforcementLearningMultiObjective2026' on page 7 undefined on input line 481.


LaTeX Warning: Citation `dearagao2026' on page 7 undefined on input line 481.

No file root.bbl.

** Conference Paper **
Before submitting the final camera ready copy, remember to:

 1. Manually equalize the lengths of two columns on the last page
 of your paper;

 2. Ensure that any PostScript and/or PDF output post-processing
 uses only Type 1 fonts and that every step in the generation
 process uses the US letter (8.5in X 11in) paper size.



[7] (/Volumes/Scriptorium/1.Expeditio/cv2_curriculum_vitae/build/aux/root.aux)
 ***********
LaTeX2e <2024-11-01> patch level 2
L3 programming layer <2025-01-18>
 ***********


LaTeX Warning: There were undefined references.

 ) 
Here is how much of TeX's memory you used:
 15659 strings out of 473190
 311048 string characters out of 5715801
 700766 words of memory out of 5000000
 38617 multiletter control sequences out of 15000+600000
 679699 words of font info for 174 fonts, out of 8000000 for 9000
 1141 hyphenation exceptions out of 8191
 84i,14n,91p,2084b,878s stack positions out of 10000i,1000n,20000p,200000b,200000s
</usr/local/texlive/2025/texmf-dist/fonts/type1/public/amsfonts/cm/cmbx10.pfb></usr/local/texlive/2025/texmf-dist/fonts/type1/public/amsfonts/cm/cmbx8.pfb></usr/local/texlive/2025/texmf-dist/fonts/type1/public/amsfonts/cm/cmex10.pfb></usr/local/texlive/2025/texmf-dist/fonts/type1/public/amsfonts/cm/cmmi10.pfb></usr/local/texlive/2025/texmf-dist/fonts/type1/public/amsfonts/cm/cmmi5.pfb></usr/local/texlive/2025/texmf-dist/fonts/type1/public/amsfonts/cm/cmmi6.pfb></usr/local/texlive/2025/texmf-dist/fonts/type1/public/amsfonts/cm/cmmi7.pfb></usr/local/texlive/2025/texmf-dist/fonts/type1/public/amsfonts/cm/cmmi8.pfb></usr/local/texlive/2025/texmf-dist/fonts/type1/public/amsfonts/cm/cmr10.pfb></usr/local/texlive/2025/texmf-dist/fonts/type1/public/amsfonts/cm/cmr6.pfb></usr/local/texlive/2025/texmf-dist/fonts/type1/public/amsfonts/cm/cmr7.pfb></usr/local/texlive/2025/texmf-dist/fonts/type1/public/amsfonts/cm/cmr8.pfb></usr/local/texlive/2025/texmf-dist/fonts/type1/public/amsfonts/cm/cmsy10.pfb></usr/local/texlive/2025/texmf-dist/fonts/type1/public/amsfonts/cm/cmsy6.pfb></usr/local/texlive/2025/texmf-dist/fonts/type1/public/amsfonts/cm/cmsy7.pfb></usr/local/texlive/2025/texmf-dist/fonts/type1/public/amsfonts/cm/cmsy8.pfb></usr/local/texlive/2025/texmf-dist/fonts/type1/public/amsfonts/symbols/msbm10.pfb></usr/local/texlive/2025/texmf-dist/fonts/type1/urw/courier/ucrr8a.pfb></usr/local/texlive/2025/texmf-dist/fonts/type1/urw/times/utmb8a.pfb></usr/local/texlive/2025/texmf-dist/fonts/type1/urw/times/utmbi8a.pfb></usr/local/texlive/2025/texmf-dist/fonts/type1/urw/times/utmr8a.pfb></usr/local/texlive/2025/texmf-dist/fonts/type1/urw/times/utmri8a.pfb>
Output written on /Volumes/Scriptorium/1.Expeditio/cv2_curriculum_vitae/build/aux/root.pdf (7 pages, 271805 bytes).
PDF statistics:
 142 PDF objects out of 1000 (max. 8388607)
 88 compressed objects within 1 object stream
 0 named destinations out of 1000 (max. 500000)
 13 words of extra memory for PDF output out of 10000 (max. 10000000)

